android/app/build/intermediates/manifest_merge_blame_file/release/manifest-merger-blame-release-report.txt
1<?xml version="1.0" encoding="utf-8"?>
2<manifest xmlns:android="http://schemas.android.com/apk/res/android"
3    package="com.videocall"
4    android:versionCode="1"
5    android:versionName="1.0" >
6
7    <uses-sdk
8        android:minSdkVersion="21"
9        android:targetSdkVersion="34" />
10
11    <uses-permission android:name="android.permission.INTERNET" />
11-->src/main/AndroidManifest.xml:3:5-67
11-->src/main/AndroidManifest.xml:3:22-64
12    <uses-permission android:name="android.permission.CAMERA" />
12-->[:react-native-voximplant] AndroidManifest.xml:7:5-65
12-->[:react-native-voximplant] AndroidManifest.xml:7:22-62
13    <uses-permission android:name="android.permission.MODIFY_AUDIO_SETTINGS" />
13-->[:react-native-voximplant] AndroidManifest.xml:8:5-80
13-->[:react-native-voximplant] AndroidManifest.xml:8:22-77
14    <uses-permission android:name="android.permission.ACCESS_NETWORK_STATE" />
14-->[:react-native-voximplant] AndroidManifest.xml:9:5-79
14-->[:react-native-voximplant] AndroidManifest.xml:9:22-76
15    <uses-permission android:name="android.permission.RECORD_AUDIO" />
15-->[:react-native-voximplant] AndroidManifest.xml:10:5-71
15-->[:react-native-voximplant] AndroidManifest.xml:10:22-68
16    <uses-permission
16-->[:react-native-voximplant] AndroidManifest.xml:12:5-68
17        android:name="android.permission.BLUETOOTH"
17-->[:react-native-voximplant] AndroidManifest.xml:12:22-65
18        android:maxSdkVersion="30" />
18-->[com.voximplant:voximplant-sdk:2.37.0] AndroidManifest.xml:9:9-35
19    <uses-permission android:name="android.permission.BLUETOOTH_CONNECT" />
19-->[com.voximplant:voximplant-sdk:2.37.0] AndroidManifest.xml:10:5-76
19-->[com.voximplant:voximplant-sdk:2.37.0] AndroidManifest.xml:10:22-73
20    <uses-permission android:name="android.permission.CHANGE_NETWORK_STATE" />
20-->[com.voximplant:voximplant-sdk:2.37.0] AndroidManifest.xml:12:5-79
20-->[com.voximplant:voximplant-sdk:2.37.0] AndroidManifest.xml:12:22-76
21    <uses-permission android:name="android.permission.WRITE_EXTERNAL_STORAGE" />
21-->[com.voximplant:voximplant-sdk:2.37.0] AndroidManifest.xml:16:5-81
21-->[com.voximplant:voximplant-sdk:2.37.0] AndroidManifest.xml:16:22-78
22    <uses-permission android:name="android.permission.READ_EXTERNAL_STORAGE" />
23
24    <permission
24-->[androidx.core:core:1.9.0] AndroidManifest.xml:22:5-24:47
25        android:name="com.videocall.DYNAMIC_RECEIVER_NOT_EXPORTED_PERMISSION"
25-->[androidx.core:core:1.9.0] AndroidManifest.xml:23:9-81
26        android:protectionLevel="signature" />
26-->[androidx.core:core:1.9.0] AndroidManifest.xml:24:9-44
27
28    <uses-permission android:name="com.videocall.DYNAMIC_RECEIVER_NOT_EXPORTED_PERMISSION" />
28-->[androidx.core:core:1.9.0] AndroidManifest.xml:26:5-97
28-->[androidx.core:core:1.9.0] AndroidManifest.xml:26:22-94
29
30    <application
30-->src/main/AndroidManifest.xml:5:5-24:19
31        android:name="com.videocall.MainApplication"
31-->src/main/AndroidManifest.xml:6:7-38
32        android:allowBackup="false"
32-->src/main/AndroidManifest.xml:10:7-34
33        android:appComponentFactory="androidx.core.app.CoreComponentFactory"
33-->[androidx.core:core:1.9.0] AndroidManifest.xml:28:18-86
34        android:extractNativeLibs="true"
35        android:icon="@mipmap/ic_launcher"
35-->src/main/AndroidManifest.xml:8:7-41
36        android:label="@string/app_name"
36-->src/main/AndroidManifest.xml:7:7-39
37        android:roundIcon="@mipmap/ic_launcher_round"
37-->src/main/AndroidManifest.xml:9:7-52
38        android:theme="@style/AppTheme" >
38-->src/main/AndroidManifest.xml:11:7-38
39        <activity
39-->src/main/AndroidManifest.xml:12:7-23:18
40            android:name="com.videocall.MainActivity"
40-->src/main/AndroidManifest.xml:13:9-37
41            android:configChanges="keyboard|keyboardHidden|orientation|screenLayout|screenSize|smallestScreenSize|uiMode"
41-->src/main/AndroidManifest.xml:15:9-118
42            android:exported="true"
42-->src/main/AndroidManifest.xml:18:9-32
43            android:label="@string/app_name"
43-->src/main/AndroidManifest.xml:14:9-41
44            android:launchMode="singleTask"
44-->src/main/AndroidManifest.xml:16:9-40
45            android:windowSoftInputMode="adjustResize" >
45-->src/main/AndroidManifest.xml:17:9-51
46            <intent-filter>
46-->src/main/AndroidManifest.xml:19:9-22:25
47                <action android:name="android.intent.action.MAIN" />
47-->src/main/AndroidManifest.xml:20:13-65
47-->src/main/AndroidManifest.xml:20:21-62
48
49                <category android:name="android.intent.category.LAUNCHER" />
49-->src/main/AndroidManifest.xml:21:13-73
49-->src/main/AndroidManifest.xml:21:23-70
50            </intent-filter>
51        </activity>
52
53        <provider
53-->[androidx.emoji2:emoji2:1.2.0] AndroidManifest.xml:24:9-32:20
54            android:name="androidx.startup.InitializationProvider"
54-->[androidx.emoji2:emoji2:1.2.0] AndroidManifest.xml:25:13-67
55            android:authorities="com.videocall.androidx-startup"
55-->[androidx.emoji2:emoji2:1.2.0] AndroidManifest.xml:26:13-68
56            android:exported="false" >
56-->[androidx.emoji2:emoji2:1.2.0] AndroidManifest.xml:27:13-37
57            <meta-data
57-->[androidx.emoji2:emoji2:1.2.0] AndroidManifest.xml:29:13-31:52
58                android:name="androidx.emoji2.text.EmojiCompatInitializer"
58-->[androidx.emoji2:emoji2:1.2.0] AndroidManifest.xml:30:17-75
59                android:value="androidx.startup" />
59-->[androidx.emoji2:emoji2:1.2.0] AndroidManifest.xml:31:17-49
60            <meta-data
60-->[androidx.lifecycle:lifecycle-process:2.4.1] AndroidManifest.xml:31:13-33:52
61                android:name="androidx.lifecycle.ProcessLifecycleInitializer"
61-->[androidx.lifecycle:lifecycle-process:2.4.1] AndroidManifest.xml:32:17-78
62                android:value="androidx.startup" />
62-->[androidx.lifecycle:lifecycle-process:2.4.1] AndroidManifest.xml:33:17-49
63        </provider>
64
65        <meta-data
65-->[com.facebook.soloader:soloader:0.10.5] AndroidManifest.xml:12:9-14:37
66            android:name="com.facebook.soloader.enabled"
66-->[com.facebook.soloader:soloader:0.10.5] AndroidManifest.xml:13:13-57
67            android:value="false" />
67-->[com.facebook.soloader:soloader:0.10.5] AndroidManifest.xml:14:13-34
68    </application>
69
70</manifest>